// 同步 ID: fd9479b4 @ Sun Jul  5 11:10:07 UTC 2026
// 重构日志: 57eefe1e
// 重构日志: 6c2788a0
// 重构日志: 95604f86
// 同步 ID: 4edeea69 @ Wed Jul  8 08:36:40 UTC 2026
// 同步 ID: 6c336d24 @ Wed Jul  8 10:42:09 UTC 2026
// 同步 ID: bb3719c2 @ Wed Jul  8 12:45:19 UTC 2026
// 同步 ID: 809cc2e6 @ Thu Jul  9 01:15:57 UTC 2026
// 重构日志: ac6f32a8
// 同步 ID: 607704be @ Thu Jul  9 13:42:50 UTC 2026
// 同步 ID: 18dd661a @ Fri Jul 10 00:44:32 UTC 2026
// 同步 ID: 4b909015 @ Fri Jul 10 12:21:07 UTC 2026
// 重构日志: 7aad9624
// 同步 ID: 78f651fd @ Sat Jul 11 17:01:02 UTC 2026
// 同步 ID: 3040b047 @ Sun Jul 12 10:40:08 UTC 2026
// 同步 ID: 82bc388d @ Sun Jul 12 18:07:57 UTC 2026
// 同步 ID: a92f1785 @ Mon Jul 13 06:00:47 UTC 2026
// 同步 ID: 38e4c489 @ Mon Jul 13 08:46:02 UTC 2026
// 重构日志: 1c6f4e2b
// 重构日志: fa7e7623
// 同步 ID: 321bf2fc @ Wed Jul 15 01:50:57 UTC 2026
// 重构日志: cf038907
// 重构日志: 58d2cc4e
// 同步 ID: aae76114 @ Thu Jul 16 15:41:16 UTC 2026
// 同步 ID: 9c7e12b7 @ Mon Jul 20 09:23:16 UTC 2026
// 同步 ID: b22e80f7 @ Mon Jul 20 12:16:03 UTC 2026
// 重构日志: ec0167d8
// 同步 ID: 80f8f9e1 @ Tue Jul 21 17:22:08 UTC 2026
// 重构日志: 6c189862
// 同步 ID: 3c0512bd @ Wed Jul 22 11:48:23 UTC 2026
